2021-12-02 18:24:09.9311|Debug|User Chose option 3| 
2021-12-02 18:24:14.1751|Debug|User chose Display All Movies| 
2021-12-07 00:46:45.9283|Debug|User chose Display Best ratings| 
2021-12-07 00:46:48.2680|Debug|DB failed to Show Highest Rated Movies Program errored out
Exception Type:System.InvalidOperationException: The expression 't.UserMovies.AsQueryable().Select(x => x.User)' is invalid inside an 'Include' operation, since it does not represent a property access: 't => t.MyProperty'. To target navigations declared on derived types, use casting ('t => ((Derived)t).MyProperty') or the 'as' operator ('t => (t as Derived).MyProperty'). Collection navigation access can be filtered by composing Where, OrderBy(Descending), ThenBy(Descending), Skip or Take operations. For more information on including related data, see http://go.microsoft.com/fwlink/?LinkID=746393.
   at Microsoft.EntityFrameworkCore.Query.Internal.NavigationExpandingExpressionVisitor.<ProcessInclude>g__ExtractIncludeFilter|32_0(Expression currentExpression, Expression includeExpression)
   at Microsoft.EntityFrameworkCore.Query.Internal.NavigationExpandingExpressionVisitor.ProcessInclude(NavigationExpansionExpression source, Expression expression, Boolean thenInclude, Boolean setLoaded)
   at Microsoft.EntityFrameworkCore.Query.Internal.NavigationExpandingExpressionVisitor.VisitMethodCall(MethodCallExpression methodCallExpression)
   at System.Linq.Expressions.MethodCallExpression.Accept(ExpressionVisitor visitor)
   at System.Linq.Expressions.ExpressionVisitor.Visit(Expression node)
   at Microsoft.EntityFrameworkCore.Query.Internal.NavigationExpandingExpressionVisitor.VisitMethodCall(MethodCallExpression methodCallExpression)
   at System.Linq.Expressions.MethodCallExpression.Accept(ExpressionVisitor visitor)
   at System.Linq.Expressions.ExpressionVisitor.Visit(Expression node)
   at Microsoft.EntityFrameworkCore.Query.Internal.NavigationExpandingExpressionVisitor.Expand(Expression query)
   at Microsoft.EntityFrameworkCore.Query.QueryTranslationPreprocessor.Process(Expression query)
   at Microsoft.EntityFrameworkCore.Query.QueryCompilationContext.CreateQueryExecutor[TResult](Expression query)
   at Microsoft.EntityFrameworkCore.Storage.Database.CompileQuery[TResult](Expression query, Boolean async)
   at Microsoft.EntityFrameworkCore.Query.Internal.QueryCompiler.CompileQueryCore[TResult](IDatabase database, Expression query, IModel model, Boolean async)
   at Microsoft.EntityFrameworkCore.Query.Internal.QueryCompiler.<>c__DisplayClass9_0`1.<Execute>b__0()
   at Microsoft.EntityFrameworkCore.Query.Internal.CompiledQueryCache.GetOrAddQuery[TResult](Object cacheKey, Func`1 compiler)
   at Microsoft.EntityFrameworkCore.Query.Internal.QueryCompiler.Execute[TResult](Expression query)
   at Microsoft.EntityFrameworkCore.Query.Internal.EntityQueryProvider.Execute[TResult](Expression expression)
   at Microsoft.EntityFrameworkCore.Query.Internal.EntityQueryable`1.GetEnumerator()
   at Microsoft.EntityFrameworkCore.EntityFrameworkQueryableExtensions.IncludableQueryable`2.GetEnumerator()
   at NetFinal.DataManagers.Users.DBUserManager.ShowHighestRatedMovies() in C:\Users\justi\RiderProjects\NetFinal\DataManagers\Users\DBUserManager.cs:line 368| 
2021-12-07 00:47:41.0218|Debug|User chose Display Best ratings| 
2021-12-07 00:47:42.2091|Debug|DB failed to Show Highest Rated Movies Program errored out
Exception Type:System.InvalidOperationException: The expression 't.UserMovies.AsQueryable().Select(x => x.User)' is invalid inside an 'Include' operation, since it does not represent a property access: 't => t.MyProperty'. To target navigations declared on derived types, use casting ('t => ((Derived)t).MyProperty') or the 'as' operator ('t => (t as Derived).MyProperty'). Collection navigation access can be filtered by composing Where, OrderBy(Descending), ThenBy(Descending), Skip or Take operations. For more information on including related data, see http://go.microsoft.com/fwlink/?LinkID=746393.
   at Microsoft.EntityFrameworkCore.Query.Internal.NavigationExpandingExpressionVisitor.<ProcessInclude>g__ExtractIncludeFilter|32_0(Expression currentExpression, Expression includeExpression)
   at Microsoft.EntityFrameworkCore.Query.Internal.NavigationExpandingExpressionVisitor.ProcessInclude(NavigationExpansionExpression source, Expression expression, Boolean thenInclude, Boolean setLoaded)
   at Microsoft.EntityFrameworkCore.Query.Internal.NavigationExpandingExpressionVisitor.VisitMethodCall(MethodCallExpression methodCallExpression)
   at System.Linq.Expressions.MethodCallExpression.Accept(ExpressionVisitor visitor)
   at System.Linq.Expressions.ExpressionVisitor.Visit(Expression node)
   at Microsoft.EntityFrameworkCore.Query.Internal.NavigationExpandingExpressionVisitor.Expand(Expression query)
   at Microsoft.EntityFrameworkCore.Query.QueryTranslationPreprocessor.Process(Expression query)
   at Microsoft.EntityFrameworkCore.Query.QueryCompilationContext.CreateQueryExecutor[TResult](Expression query)
   at Microsoft.EntityFrameworkCore.Storage.Database.CompileQuery[TResult](Expression query, Boolean async)
   at Microsoft.EntityFrameworkCore.Query.Internal.QueryCompiler.CompileQueryCore[TResult](IDatabase database, Expression query, IModel model, Boolean async)
   at Microsoft.EntityFrameworkCore.Query.Internal.QueryCompiler.<>c__DisplayClass9_0`1.<Execute>b__0()
   at Microsoft.EntityFrameworkCore.Query.Internal.CompiledQueryCache.GetOrAddQuery[TResult](Object cacheKey, Func`1 compiler)
   at Microsoft.EntityFrameworkCore.Query.Internal.QueryCompiler.Execute[TResult](Expression query)
   at Microsoft.EntityFrameworkCore.Query.Internal.EntityQueryProvider.Execute[TResult](Expression expression)
   at Microsoft.EntityFrameworkCore.Query.Internal.EntityQueryable`1.GetEnumerator()
   at Microsoft.EntityFrameworkCore.EntityFrameworkQueryableExtensions.IncludableQueryable`2.GetEnumerator()
   at NetFinal.DataManagers.Users.DBUserManager.ShowHighestRatedMovies() in C:\Users\justi\RiderProjects\NetFinal\DataManagers\Users\DBUserManager.cs:line 367| 
2021-12-07 00:50:10.3606|Debug|User chose Display Best ratings| 
2021-12-07 00:50:11.5135|Debug|DB failed to Show Highest Rated Movies Program errored out
Exception Type:System.InvalidOperationException: The expression 't.UserMovies.AsQueryable().Select(x => x.User)' is invalid inside an 'Include' operation, since it does not represent a property access: 't => t.MyProperty'. To target navigations declared on derived types, use casting ('t => ((Derived)t).MyProperty') or the 'as' operator ('t => (t as Derived).MyProperty'). Collection navigation access can be filtered by composing Where, OrderBy(Descending), ThenBy(Descending), Skip or Take operations. For more information on including related data, see http://go.microsoft.com/fwlink/?LinkID=746393.
   at Microsoft.EntityFrameworkCore.Query.Internal.NavigationExpandingExpressionVisitor.<ProcessInclude>g__ExtractIncludeFilter|32_0(Expression currentExpression, Expression includeExpression)
   at Microsoft.EntityFrameworkCore.Query.Internal.NavigationExpandingExpressionVisitor.ProcessInclude(NavigationExpansionExpression source, Expression expression, Boolean thenInclude, Boolean setLoaded)
   at Microsoft.EntityFrameworkCore.Query.Internal.NavigationExpandingExpressionVisitor.VisitMethodCall(MethodCallExpression methodCallExpression)
   at System.Linq.Expressions.MethodCallExpression.Accept(ExpressionVisitor visitor)
   at System.Linq.Expressions.ExpressionVisitor.Visit(Expression node)
   at Microsoft.EntityFrameworkCore.Query.Internal.NavigationExpandingExpressionVisitor.VisitMethodCall(MethodCallExpression methodCallExpression)
   at System.Linq.Expressions.MethodCallExpression.Accept(ExpressionVisitor visitor)
   at System.Linq.Expressions.ExpressionVisitor.Visit(Expression node)
   at Microsoft.EntityFrameworkCore.Query.Internal.NavigationExpandingExpressionVisitor.Expand(Expression query)
   at Microsoft.EntityFrameworkCore.Query.QueryTranslationPreprocessor.Process(Expression query)
   at Microsoft.EntityFrameworkCore.Query.QueryCompilationContext.CreateQueryExecutor[TResult](Expression query)
   at Microsoft.EntityFrameworkCore.Storage.Database.CompileQuery[TResult](Expression query, Boolean async)
   at Microsoft.EntityFrameworkCore.Query.Internal.QueryCompiler.CompileQueryCore[TResult](IDatabase database, Expression query, IModel model, Boolean async)
   at Microsoft.EntityFrameworkCore.Query.Internal.QueryCompiler.<>c__DisplayClass9_0`1.<Execute>b__0()
   at Microsoft.EntityFrameworkCore.Query.Internal.CompiledQueryCache.GetOrAddQuery[TResult](Object cacheKey, Func`1 compiler)
   at Microsoft.EntityFrameworkCore.Query.Internal.QueryCompiler.Execute[TResult](Expression query)
   at Microsoft.EntityFrameworkCore.Query.Internal.EntityQueryProvider.Execute[TResult](Expression expression)
   at Microsoft.EntityFrameworkCore.Query.Internal.EntityQueryable`1.GetEnumerator()
   at Microsoft.EntityFrameworkCore.EntityFrameworkQueryableExtensions.IncludableQueryable`2.GetEnumerator()
   at NetFinal.DataManagers.Users.DBUserManager.ShowHighestRatedMovies() in C:\Users\justi\RiderProjects\NetFinal\DataManagers\Users\DBUserManager.cs:line 368| 
2021-12-07 00:51:40.1645|Debug|User chose Display Best ratings| 
2021-12-07 01:03:35.3288|Debug|User chose Display Best ratings| 
2021-12-07 01:04:12.5335|Debug|User chose Display Best ratings| 
2021-12-07 01:05:59.6756|Debug|User chose Display Best ratings| 
2021-12-07 01:06:50.8261|Debug|User chose Display Best ratings| 
2021-12-07 01:07:07.6743|Debug|User chose Display Best ratings| 
2021-12-07 01:07:17.9476|Debug|User chose Display Best ratings| 
2021-12-07 01:07:29.6055|Debug|User chose Display Best ratings| 
2021-12-07 01:07:42.9288|Debug|User chose Display Best ratings| 
2021-12-07 01:07:48.6637|Debug|User chose Display Best ratings| 
2021-12-07 01:07:51.9680|Debug|User chose Display Best ratings| 
2021-12-07 01:07:54.7605|Debug|User chose Display Best ratings| 
2021-12-07 01:10:30.6224|Debug|User chose Display Best ratings| 
2021-12-07 01:10:40.0416|Debug|DB failed to show movies by genre program errored out
Exception Type:System.NullReferenceException: Object reference not set to an instance of an object.
   at NetFinal.DataManagers.Movie.DBMovieManager.ShowMoviesByGenre() in C:\Users\justi\RiderProjects\NetFinal\DataManagers\Movie\DBMovieManager.cs:line 397| 
2021-12-08 01:33:14.8642|Debug|User chose Display Best ratings| 
2021-12-08 01:33:23.6565|Debug|User chose Display Best ratings| 
2021-12-08 01:33:29.8980|Debug|User chose Display Best ratings| 
2021-12-08 01:33:59.5887|Debug|User chose Display Best ratings| 
2021-12-08 01:34:05.5545|Debug|User chose Display Best ratings| 
2021-12-08 01:34:14.3341|Debug|User chose Display Best ratings| 
2021-12-08 01:34:18.7268|Debug|User chose Display Best ratings| 
2021-12-08 01:34:29.3419|Debug|User chose Display Best ratings| 
2021-12-08 01:34:34.1584|Debug|User chose Display Best ratings| 
2021-12-08 01:36:30.1320|Debug|User Chose option 3| 
2021-12-08 01:36:34.1001|Debug|User chose Display All Movies| 
2021-12-08 01:36:40.8991|Debug|User Chose option 3| 
2021-12-08 01:36:43.9474|Debug|User Chose to display Movie:| 
2021-12-08 01:59:18.1162|Debug|User chose Display movies by genres| 
2021-12-08 02:00:13.6552|Debug|User chose Display movies by genres| 
